<?xml version="1.0" encoding="utf-8"?><testsuites><testsuite errors="0" failures="0" hostname="Jess" name="pytest" skipped="0" tests="10" time="3.313" timestamp="2020-06-16T23:46:28.791851"><testcase classname="test_submit" file="test_submit.py" line="3" name="test_q1" time="0.003"></testcase><testcase classname="test_submit" file="test_submit.py" line="9" name="test_q2" time="0.091"></testcase><testcase classname="test_submit" file="test_submit.py" line="15" name="test_q3" time="0.014"></testcase><testcase classname="test_submit" file="test_submit.py" line="21" name="test_q4" time="0.002"></testcase><testcase classname="test_submit" file="test_submit.py" line="27" name="test_q5" time="0.136"></testcase><testcase classname="test_submit" file="test_submit.py" line="33" name="test_q6" time="0.142"></testcase><testcase classname="test_submit" file="test_submit.py" line="39" name="test_q7" time="0.107"></testcase><testcase classname="test_submit" file="test_submit.py" line="45" name="test_q8" time="0.035"></testcase><testcase classname="test_submit" file="test_submit.py" line="51" name="test_q9" time="0.229"></testcase><testcase classname="test_submit" file="test_submit.py" line="57" name="test_q10" time="0.015"></testcase></testsuite></testsuites>